C51 COMPILER V9.54   MAIN                                                                  01/26/2024 20:02:05 PAGE 1   


C51 COMPILER V9.54, COMPILATION OF MODULE MAIN
OBJECT MODULE PLACED IN .\Objects\main.obj
COMPILER INVOKED BY: C:\Keil_v5\C51\BIN\C51.EXE main.c OPTIMIZE(8,SPEED) BROWSE DEBUG OBJECTEXTEND PRINT(.\Listings\main
                    -.lst) OBJECT(.\Objects\main.obj)

line level    source

   1          #include <REGX52.H>
   2          #include "delay.h"
   3          #include "keys.h"
   4          #include "timer.h"
   5          
   6          
   7          //数码管段码表
   8          unsigned char NixieTable[]={0x3F,0x06,0x5B,0x4F,0x66,0x6D,0x7D,0x07,0x7F,0x6F};
   9          
  10          
  11          //数码管显示子函数
  12          void Nixie(unsigned char Location,Number)
  13          {
  14   1          switch(Location)        //位码输出
  15   1          {
  16   2              case 1:P2_4=1;P2_3=1;P2_2=1;break;
  17   2              case 2:P2_4=1;P2_3=1;P2_2=0;break;
  18   2              case 3:P2_4=1;P2_3=0;P2_2=1;break;
  19   2              case 4:P2_4=1;P2_3=0;P2_2=0;break;
  20   2              case 5:P2_4=0;P2_3=1;P2_2=1;break;
  21   2              case 6:P2_4=0;P2_3=1;P2_2=0;break;
  22   2              case 7:P2_4=0;P2_3=0;P2_2=1;break;
  23   2              case 8:P2_4=0;P2_3=0;P2_2=0;break;
  24   2          }
  25   1          P3=NixieTable[Number];  //段码输出
  26   1          Delay(1);               //显示一段时间
  27   1          P3=0x00;                //段码清0，消影
  28   1      }
  29          
  30          
  31          
  32          sbit Motor=P1^4;
  33          
  34          unsigned char Counter,Compare;  //计数值和比较值，用于输出PWM
  35          unsigned char KeyNum,Speed;
  36          
  37          void main()
  38          {
  39   1              Speed = 0;
  40   1              Compare = 0;
  41   1              Timer0Init();
  42   1              
  43   1              while(1)
  44   1              {
  45   2                      KeyNum=Key();
  46   2                      if(KeyNum==1)
  47   2                      {
  48   3                              Speed++;
  49   3                              Speed%=4;
  50   3                              if(Speed==0){Compare=0;}        //设置比较值，改变PWM占空比
  51   3                              if(Speed==1){Compare=50;}
  52   3                              if(Speed==2){Compare=75;}
  53   3                              if(Speed==3){Compare=100;}
  54   3                      }
C51 COMPILER V9.54   MAIN                                                                  01/26/2024 20:02:05 PAGE 2   

  55   2                      Nixie(1,Speed);
  56   2              }
  57   1      }
  58          
  59          void Timer0_Routine() interrupt 1
  60          {
  61   1              TL0 = 0x9C;             //设置定时初值
  62   1              TH0 = 0xFF;             //设置定时初值
  63   1              Counter++;
  64   1              Counter%=100;   //计数值变化范围限制在0~99
  65   1              if(Counter<Compare)     //计数值小于比较值
  66   1              {
  67   2                      Motor=1;                //输出1
  68   2              }
  69   1              else                            //计数值大于比较值
  70   1              {
  71   2                      Motor=0;                //输出0
  72   2              }
  73   1      }


MODULE INFORMATION:   STATIC OVERLAYABLE
   CODE SIZE        =    218    ----
   CONSTANT SIZE    =   ----    ----
   XDATA SIZE       =   ----    ----
   PDATA SIZE       =   ----    ----
   DATA SIZE        =     14    ----
   IDATA SIZE       =   ----    ----
   BIT SIZE         =   ----    ----
END OF MODULE INFORMATION.


C51 COMPILATION COMPLETE.  0 WARNING(S),  0 ERROR(S)
