C51 COMPILER V9.54   ONEWIRE                                                               01/26/2024 20:02:06 PAGE 1   


C51 COMPILER V9.54, COMPILATION OF MODULE ONEWIRE
OBJECT MODULE PLACED IN .\Objects\onewire.obj
COMPILER INVOKED BY: C:\Keil_v5\C51\BIN\C51.EXE onewire.c OPTIMIZE(8,SPEED) BROWSE DEBUG OBJECTEXTEND PRINT(.\Listings\o
                    -newire.lst) OBJECT(.\Objects\onewire.obj)

line level    source

   1          #include <REGX52.H>
   2          
   3          // 引脚定义
   4          sbit OneWire_DQ = P1^7;
   5          
   6          /**
   7            * @brief  单总线初始化
   8            * @param  无
   9            * @retval 从机响应位，0为响应，1为未响应
  10            */
  11          unsigned char OneWire_Init(void)
  12          {
  13   1          unsigned char i;
  14   1          unsigned char AckBit;
  15   1          
  16   1          // 拉低总线，产生复位脉冲
  17   1          OneWire_DQ = 1;
  18   1          OneWire_DQ = 0;
  19   1          i = 247; while (--i);       // Delay 500us
  20   1          OneWire_DQ = 1;
  21   1          i = 32; while (--i);        // Delay 70us
  22   1          AckBit = OneWire_DQ;
  23   1          i = 247; while (--i);       // Delay 500us
  24   1          return AckBit;
  25   1      }
  26          
  27          /**
  28            * @brief  单总线发送一位
  29            * @param  Bit 要发送的位
  30            * @retval 无
  31            */
  32          void OneWire_SendBit(unsigned char Bit)
  33          {
  34   1          unsigned char i;
  35   1          
  36   1          // 拉低总线，发送数据位
  37   1          OneWire_DQ = 0;
  38   1          i = 4; while (--i);         // Delay 10us
  39   1          OneWire_DQ = Bit;
  40   1          i = 24; while (--i);        // Delay 50us
  41   1          OneWire_DQ = 1;
  42   1      }
  43          
  44          /**
  45            * @brief  单总线接收一位
  46            * @param  无
  47            * @retval 读取的位
  48            */
  49          unsigned char OneWire_ReceiveBit(void)
  50          {
  51   1          unsigned char i;
  52   1          unsigned char Bit;
  53   1          
  54   1          // 拉低总线，准备接收数据位
C51 COMPILER V9.54   ONEWIRE                                                               01/26/2024 20:02:06 PAGE 2   

  55   1          OneWire_DQ = 0;
  56   1          i = 2; while (--i);         // Delay 5us
  57   1          OneWire_DQ = 1;
  58   1          i = 2; while (--i);         // Delay 5us
  59   1          Bit = OneWire_DQ;
  60   1          i = 24; while (--i);        // Delay 50us
  61   1          return Bit;
  62   1      }
  63          
  64          /**
  65            * @brief  单总线发送一个字节
  66            * @param  Byte 要发送的字节
  67            * @retval 无
  68            */
  69          void OneWire_SendByte(unsigned char Byte)
  70          {
  71   1          unsigned char i;
  72   1          
  73   1          // 逐位发送字节数据
  74   1          for(i = 0; i < 8; i++)
  75   1          {
  76   2              OneWire_SendBit(Byte & (0x01 << i));
  77   2          }
  78   1      }
  79          
  80          /**
  81            * @brief  单总线接收一个字节
  82            * @param  无
  83            * @retval 接收的一个字节
  84            */
  85          unsigned char OneWire_ReceiveByte(void)
  86          {
  87   1          unsigned char i;
  88   1          unsigned char Byte = 0x00;
  89   1          
  90   1          // 逐位接收字节数据
  91   1          for(i = 0; i < 8; i++)
  92   1          {
  93   2                      
  94   2              if(OneWire_ReceiveBit()) { Byte |= (0x01 << i); }
  95   2          }
  96   1          return Byte;
  97   1      }


MODULE INFORMATION:   STATIC OVERLAYABLE
   CODE SIZE        =    122    ----
   CONSTANT SIZE    =   ----    ----
   XDATA SIZE       =   ----    ----
   PDATA SIZE       =   ----    ----
   DATA SIZE        =   ----    ----
   IDATA SIZE       =   ----    ----
   BIT SIZE         =   ----    ----
END OF MODULE INFORMATION.


C51 COMPILATION COMPLETE.  0 WARNING(S),  0 ERROR(S)
