C51 COMPILER V9.54   UART                                                                  01/25/2024 12:12:44 PAGE 1   


C51 COMPILER V9.54, COMPILATION OF MODULE UART
OBJECT MODULE PLACED IN .\Objects\uart.obj
COMPILER INVOKED BY: C:\Keil_v5\C51\BIN\C51.EXE uart.c OPTIMIZE(8,SPEED) BROWSE DEBUG OBJECTEXTEND PRINT(.\Listings\uart
                    -.lst) OBJECT(.\Objects\uart.obj)

line level    source

   1          #include <REGX52.H>
   2          
   3          /**
   4           * @brief  串口初始化，4800bps@12.000MHz
   5           * @param  无
   6           * @retval 无
   7           */
   8          void UART_Init()
   9          {
  10   1              SCON = 0x50;  // 0101 0000
  11   1              PCON |= 0x80; // 1000 0000
  12   1              TMOD &= 0x0F; // 0000 1111，清除定时器模式位
  13   1              TMOD |= 0x20; // 0010 0000，设置定时器模式
  14   1              TL1 = 0xF3;       // 设定定时初值
  15   1              TH1 = 0xF3;       // 设定定时器重装值
  16   1              ET1 = 0;          // 禁止定时器1中断
  17   1              TR1 = 1;          // 启动定时器1
  18   1              EA = 1;           // 允许总中断
  19   1              ES = 1;           // 允许串口中断
  20   1      }
  21          
  22          /**
  23           * @brief  串口发送一个字节数据
  24           * @param  Byte 要发送的一个字节数据
  25           * @retval 无
  26           */
  27          void UART_SendByte(unsigned char Byte)
  28          {
  29   1              SBUF = Byte;
  30   1              while (TI == 0)
  31   1                      ;
  32   1              TI = 0;
  33   1      }
  34          
  35          /* 串口中断函数模板
  36          void UART_Routine() interrupt 4
  37          {
  38                  if (RI == 1)
  39                  {
  40                          RI = 0; // 处理接收中断标志，可以读取接收到的数据
  41                  }
  42          }
  43          */


MODULE INFORMATION:   STATIC OVERLAYABLE
   CODE SIZE        =     35    ----
   CONSTANT SIZE    =   ----    ----
   XDATA SIZE       =   ----    ----
   PDATA SIZE       =   ----    ----
   DATA SIZE        =   ----    ----
   IDATA SIZE       =   ----    ----
   BIT SIZE         =   ----    ----
END OF MODULE INFORMATION.

C51 COMPILER V9.54   UART                                                                  01/25/2024 12:12:44 PAGE 2   


C51 COMPILATION COMPLETE.  0 WARNING(S),  0 ERROR(S)
